  HandModel.cpp
HandModel.cpp(7): warning C4316: “Joint”: 在堆上分配的对象可能不是对齐 16
HandModel.cpp(315): warning C4244: “初始化”: 从“double”转换到“float”，可能丢失数据
HandModel.cpp(316): warning C4244: “初始化”: 从“double”转换到“float”，可能丢失数据
HandModel.cpp(318): warning C4244: “初始化”: 从“double”转换到“float”，可能丢失数据
HandModel.cpp(319): warning C4244: “初始化”: 从“double”转换到“float”，可能丢失数据
HandModel.cpp(321): warning C4244: “初始化”: 从“double”转换到“float”，可能丢失数据
HandModel.cpp(322): warning C4244: “初始化”: 从“double”转换到“float”，可能丢失数据
HandModel.cpp(911): warning C4244: “参数”: 从“float”转换到“Eigen::EigenBase<Derived>::Index”，可能丢失数据
          with
          [
              Derived=Eigen::Matrix<float,-1,3,0,-1,3>
          ]
HandModel.cpp(912): warning C4244: “参数”: 从“float”转换到“Eigen::EigenBase<Derived>::Index”，可能丢失数据
          with
          [
              Derived=Eigen::Matrix<float,-1,3,0,-1,3>
          ]
HandModel.cpp(913): warning C4244: “参数”: 从“float”转换到“Eigen::EigenBase<Derived>::Index”，可能丢失数据
          with
          [
              Derived=Eigen::Matrix<float,-1,3,0,-1,3>
          ]
HandModel.cpp(922): warning C4244: “参数”: 从“float”转换到“Eigen::EigenBase<Derived>::Index”，可能丢失数据
          with
          [
              Derived=Eigen::Matrix<float,-1,3,0,-1,3>
          ]
HandModel.cpp(923): warning C4244: “参数”: 从“float”转换到“Eigen::EigenBase<Derived>::Index”，可能丢失数据
          with
          [
              Derived=Eigen::Matrix<float,-1,3,0,-1,3>
          ]
HandModel.cpp(924): warning C4244: “参数”: 从“float”转换到“Eigen::EigenBase<Derived>::Index”，可能丢失数据
          with
          [
              Derived=Eigen::Matrix<float,-1,3,0,-1,3>
          ]
HandModel.cpp(926): warning C4244: “参数”: 从“float”转换到“Eigen::EigenBase<Derived>::Index”，可能丢失数据
          with
          [
              Derived=Eigen::Matrix<float,-1,3,0,-1,3>
          ]
HandModel.cpp(927): warning C4244: “参数”: 从“float”转换到“Eigen::EigenBase<Derived>::Index”，可能丢失数据
          with
          [
              Derived=Eigen::Matrix<float,-1,3,0,-1,3>
          ]
HandModel.cpp(928): warning C4244: “参数”: 从“float”转换到“Eigen::EigenBase<Derived>::Index”，可能丢失数据
          with
          [
              Derived=Eigen::Matrix<float,-1,3,0,-1,3>
          ]
HandModel.cpp(930): warning C4244: “参数”: 从“float”转换到“Eigen::EigenBase<Derived>::Index”，可能丢失数据
          with
          [
              Derived=Eigen::Matrix<float,-1,3,0,-1,3>
          ]
HandModel.cpp(931): warning C4244: “参数”: 从“float”转换到“Eigen::EigenBase<Derived>::Index”，可能丢失数据
          with
          [
              Derived=Eigen::Matrix<float,-1,3,0,-1,3>
          ]
HandModel.cpp(932): warning C4244: “参数”: 从“float”转换到“Eigen::EigenBase<Derived>::Index”，可能丢失数据
          with
          [
              Derived=Eigen::Matrix<float,-1,3,0,-1,3>
          ]
  正在生成代码
  1 of 3116 functions ( 0.0%) were compiled, the rest were copied from previous compilation.
    0 functions were new in current compilation
    12 functions had inline decision re-evaluated but remain unchanged
  已完成代码的生成
  HandmodelJacobainCompute.vcxproj -> O:\vsstudioProjects\HandmodelJacobainCompute\Release\HandmodelJacobainCompute.exe
  HandmodelJacobainCompute.vcxproj -> O:\vsstudioProjects\HandmodelJacobainCompute\Release\HandmodelJacobainCompute.pdb (Full PDB)
